{
    "timestamp": "2025-09-10 01:16:53",
    "method": "new_claim",
    "request": {
        "metadata": {
            "method": "new_claim"
        },
        "data": {
            "nomor_kartu": "0000668870006",
            "nomor_sep": "0001R0016120507427",
            "nomor_rm": "123-45-72",
            "nama_pasien": "NAMA TEST PASIEN 6",
            "tgl_lahir": "1980-11-30 00:00:00",
            "gender": "1"
        }
    },
    "response": {
        "success": true,
        "data": {
            "metadata": {
                "code": 400,
                "message": "Duplikasi nomor SEP",
                "error_no": "E2007"
            },
            "duplicate": [
                {
                    "nama_pasien": "NAMA TEST PASIEN 6",
                    "nomor_rm": "123-45-72",
                    "tgl_masuk": "2024-01-20 13:00:00"
                }
            ]
        },
        "http_code": 200
    }
}
{
    "timestamp": "2025-09-10 01:17:01",
    "method": "new_claim",
    "request": {
        "metadata": {
            "method": "new_claim"
        },
        "data": {
            "nomor_kartu": "0000668870006",
            "nomor_sep": "0001R0016120507427",
            "nomor_rm": "123-45-72",
            "nama_pasien": "NAMA TEST PASIEN 6",
            "tgl_lahir": "1980-11-30 00:00:00",
            "gender": "1"
        }
    },
    "response": {
        "success": true,
        "data": {
            "metadata": {
                "code": 400,
                "message": "Duplikasi nomor SEP",
                "error_no": "E2007"
            },
            "duplicate": [
                {
                    "nama_pasien": "NAMA TEST PASIEN 6",
                    "nomor_rm": "123-45-72",
                    "tgl_masuk": "2024-01-20 13:00:00"
                }
            ]
        },
        "http_code": 200
    }
}
{
    "timestamp": "2025-09-10 03:09:14",
    "method": "new_claim",
    "request": {
        "metadata": {
            "method": "new_claim"
        },
        "data": {
            "nomor_kartu": "0000668870019",
            "nomor_sep": "0001R0016120507440",
            "nomor_rm": "123-45-85",
            "nama_pasien": "NAMA TEST PASIEN 19",
            "tgl_lahir": "1950-10-28 00:00:00",
            "gender": "1"
        }
    },
    "response": {
        "success": true,
        "data": {
            "metadata": {
                "code": 400,
                "message": "Duplikasi nomor SEP",
                "error_no": "E2007"
            },
            "duplicate": [
                {
                    "nama_pasien": "NAMA TEST PASIEN 19",
                    "nomor_rm": "123-45-85",
                    "tgl_masuk": "2024-02-02 02:00:00"
                }
            ]
        },
        "http_code": 200
    }
}
{
    "timestamp": "2025-09-10 05:54:19",
    "method": "new_claim",
    "request": {
        "metadata": {
            "method": "new_claim"
        },
        "data": {
            "nomor_kartu": "0000668870019",
            "nomor_sep": "0001R0016120507440",
            "nomor_rm": "123-45-85",
            "nama_pasien": "NAMA TEST PASIEN 19",
            "tgl_lahir": "1950-10-28 00:00:00",
            "gender": "1"
        }
    },
    "response": {
        "success": false,
        "error": "Gagal terhubung ke server E-Klaim: Failed to connect to 10.10.1.63 port 80 after 10006 ms: Timeout was reached",
        "http_code": 0
    }
}
{
    "timestamp": "2025-09-10 05:55:09",
    "method": "new_claim",
    "request": {
        "metadata": {
            "method": "new_claim"
        },
        "data": {
            "nomor_kartu": "0000668870019",
            "nomor_sep": "0001R0016120507440",
            "nomor_rm": "123-45-85",
            "nama_pasien": "NAMA TEST PASIEN 19",
            "tgl_lahir": "1950-10-28 00:00:00",
            "gender": "1"
        }
    },
    "response": {
        "success": true,
        "data": {
            "metadata": {
                "code": 400,
                "message": "Duplikasi nomor SEP",
                "error_no": "E2007"
            },
            "duplicate": [
                {
                    "nama_pasien": "NAMA TEST PASIEN 19",
                    "nomor_rm": "123-45-85",
                    "tgl_masuk": "2024-02-02 02:00:00"
                }
            ]
        },
        "http_code": 200
    }
}
{
    "timestamp": "2025-09-10 05:55:38",
    "method": "set_claim_data",
    "request": {
        "metadata": {
            "method": "set_claim_data",
            "nomor_sep": "0001R0016120507440"
        },
        "data": {
            "nomor_sep": "0001R0016120507440",
            "nomor_kartu": "0000668870019",
            "tgl_masuk": "2024-02-02 02:00:00",
            "tgl_pulang": "2024-02-04 19:00:00",
            "cara_masuk": "gp",
            "jenis_rawat": "1",
            "kelas_rawat": "3",
            "discharge_status": "1",
            "adl_sub_acute": "20",
            "adl_chronic": "0",
            "icu_indikator": "0",
            "icu_los": "0",
            "upgrade_class_ind": "0",
            "add_payment_pct": "0",
            "birth_weight": "0",
            "sistole": "110",
            "diastole": "60",
            "coder_nik": "123123123123",
            "payor_id": "3",
            "payor_cd": "JKN",
            "nama_dokter": "Dr. Joko Mata",
            "tarif_poli_eks": "0",
            "kode_tarif": "DS",
            "cob_cd": "#",
            "tarif_rs": {
                "prosedur_non_bedah": "1000000",
                "prosedur_bedah": "12000000",
                "konsultasi": "300000",
                "tenaga_ahli": "1800000",
                "keperawatan": "800500",
                "penunjang": "400000",
                "radiologi": "300000",
                "laboratorium": "400000",
                "pelayanan_darah": "100000",
                "rehabilitasi": "200000",
                "kamar": "1200000",
                "rawat_intensif": "0",
                "obat": "500000",
                "obat_kronis": "0",
                "obat_kemoterapi": "0",
                "alkes": "250000",
                "bmhp": "150000",
                "sewa_alat": "0"
            }
        }
    },
    "response": {
        "success": true,
        "data": {
            "metadata": {
                "code": 200,
                "message": "Ok"
            }
        },
        "http_code": 200
    }
}
{
    "timestamp": "2025-09-10 05:55:39",
    "method": "idrg_diagnosa_set",
    "request": {
        "metadata": {
            "method": "idrg_diagnosa_set",
            "nomor_sep": "0001R0016120507440"
        },
        "data": {
            "diagnosa": "S71.0#A00.1#Z99.0"
        }
    },
    "response": {
        "success": true,
        "data": {
            "metadata": {
                "code": 200,
                "message": "Ok",
                "method": "idrg_diagnosa_set"
            },
            "data": {
                "string": "S71.0#A00.1#Z99.0",
                "expanded": [
                    {
                        "code": "S71.0",
                        "display": "Open wound of hip",
                        "no": "1",
                        "validcode": "1",
                        "metadata": {
                            "code": "200",
                            "message": "Ok"
                        }
                    },
                    {
                        "code": "A00.1",
                        "display": "Cholera due to vibrio cholerae 01, biovar eltor",
                        "no": "2",
                        "validcode": "1",
                        "metadata": {
                            "code": "200",
                            "message": "Ok"
                        }
                    },
                    {
                        "code": "Z99.0",
                        "display": "Dependence on aspirator",
                        "no": "3",
                        "validcode": "1",
                        "metadata": {
                            "code": "200",
                            "message": "Ok"
                        }
                    }
                ]
            }
        },
        "http_code": 200
    }
}
{
    "timestamp": "2025-09-10 05:55:40",
    "method": "idrg_procedure_set",
    "request": {
        "metadata": {
            "method": "idrg_procedure_set",
            "nomor_sep": "0001R0016120507440"
        },
        "data": {
            "procedure": "81.52#88.380#86.22+2#86.22"
        }
    },
    "response": {
        "success": true,
        "data": {
            "metadata": {
                "code": 200,
                "message": "Ok",
                "method": "idrg_procedure_set"
            },
            "data": {
                "string": "81.52#88.380#86.22+2#86.22",
                "expanded": [
                    {
                        "code": "81.52",
                        "display": "Partial hip replacement",
                        "multiplicity": 1,
                        "no": "1",
                        "validcode": "1",
                        "metadata": {
                            "code": "200",
                            "message": "Ok"
                        }
                    },
                    {
                        "code": "88.380",
                        "display": "CT simulator 3D (IM)",
                        "multiplicity": 1,
                        "no": "2",
                        "validcode": "1",
                        "metadata": {
                            "code": "200",
                            "message": "Ok"
                        }
                    },
                    {
                        "code": "86.22",
                        "display": "Excisional debridement of wound, infection, or burn",
                        "multiplicity": 2,
                        "no": "3",
                        "validcode": "1",
                        "metadata": {
                            "code": "200",
                            "message": "Ok"
                        }
                    },
                    {
                        "code": "86.22",
                        "display": "Excisional debridement of wound, infection, or burn",
                        "multiplicity": 1,
                        "no": "4",
                        "validcode": "1",
                        "metadata": {
                            "code": "200",
                            "message": "Ok"
                        }
                    }
                ]
            }
        },
        "http_code": 200
    }
}
{
    "timestamp": "2025-09-10 05:55:43",
    "method": "grouper_idrg",
    "request": {
        "metadata": {
            "method": "grouper",
            "stage": "1",
            "grouper": "idrg"
        },
        "data": {
            "nomor_sep": "0001R0016120507440"
        }
    },
    "response": {
        "success": true,
        "data": {
            "metadata": {
                "code": 200,
                "message": "Ok"
            },
            "response_idrg": {
                "mdc_number": "31",
                "mdc_description": "Multiple Significant Trauma",
                "drg_code": "3109119",
                "drg_description": "Multiple Significant Trauma w\/ Other OR Proc."
            }
        },
        "http_code": 200
    }
}
{
    "timestamp": "2025-09-10 15:09:28",
    "method": "new_claim",
    "request": {
        "metadata": {
            "method": "new_claim"
        },
        "data": {
            "nomor_kartu": "0000668870019",
            "nomor_sep": "0001R0016120507440",
            "nomor_rm": "123-45-85",
            "nama_pasien": "NAMA TEST PASIEN 19",
            "tgl_lahir": "1950-10-28 00:00:00",
            "gender": "1"
        }
    },
    "response": {
        "success": true,
        "data": {
            "metadata": {
                "code": 400,
                "message": "Duplikasi nomor SEP",
                "error_no": "E2007"
            },
            "duplicate": [
                {
                    "nama_pasien": "NAMA TEST PASIEN 19",
                    "nomor_rm": "123-45-85",
                    "tgl_masuk": "2024-02-02 02:00:00"
                }
            ]
        },
        "http_code": 200
    }
}
{
    "timestamp": "2025-09-10 16:46:40",
    "method": "new_claim",
    "request": {
        "metadata": {
            "method": "new_claim"
        },
        "data": {
            "nomor_kartu": "0000668870019",
            "nomor_sep": "0001R0016120507440",
            "nomor_rm": "123-45-85",
            "nama_pasien": "NAMA TEST PASIEN 19",
            "tgl_lahir": "1950-10-28 00:00:00",
            "gender": "1"
        }
    },
    "response": {
        "success": true,
        "data": {
            "metadata": {
                "code": 400,
                "message": "Duplikasi nomor SEP",
                "error_no": "E2007"
            },
            "duplicate": [
                {
                    "nama_pasien": "NAMA TEST PASIEN 19",
                    "nomor_rm": "123-45-85",
                    "tgl_masuk": "2024-02-02 02:00:00"
                }
            ]
        },
        "http_code": 200
    }
}
{
    "timestamp": "2025-09-10 16:47:03",
    "method": "set_claim_data",
    "request": {
        "metadata": {
            "method": "set_claim_data",
            "nomor_sep": "0001R0016120507440"
        },
        "data": {
            "nomor_sep": "0001R0016120507440",
            "nomor_kartu": "0000668870019",
            "tgl_masuk": "2024-02-02 02:00:00",
            "tgl_pulang": "2024-02-04 19:00:00",
            "cara_masuk": "gp",
            "jenis_rawat": "1",
            "kelas_rawat": "3",
            "discharge_status": "1",
            "adl_sub_acute": "20",
            "adl_chronic": "0",
            "icu_indikator": "0",
            "icu_los": "0",
            "upgrade_class_ind": "0",
            "add_payment_pct": "0",
            "birth_weight": "0",
            "sistole": "110",
            "diastole": "60",
            "coder_nik": "123123123123",
            "payor_id": "3",
            "payor_cd": "JKN",
            "nama_dokter": "Dr. Joko Mata",
            "tarif_poli_eks": "0",
            "kode_tarif": "DS",
            "cob_cd": "#",
            "tarif_rs": {
                "prosedur_non_bedah": "1000000",
                "prosedur_bedah": "12000000",
                "konsultasi": "300000",
                "tenaga_ahli": "1800000",
                "keperawatan": "800500",
                "penunjang": "400000",
                "radiologi": "300000",
                "laboratorium": "400000",
                "pelayanan_darah": "100000",
                "rehabilitasi": "200000",
                "kamar": "1200000",
                "rawat_intensif": "0",
                "obat": "500000",
                "obat_kronis": "0",
                "obat_kemoterapi": "0",
                "alkes": "250000",
                "bmhp": "150000",
                "sewa_alat": "0"
            }
        }
    },
    "response": {
        "success": true,
        "data": {
            "metadata": {
                "code": 200,
                "message": "Ok"
            }
        },
        "http_code": 200
    }
}
{
    "timestamp": "2025-09-10 16:47:13",
    "method": "idrg_diagnosa_set",
    "request": {
        "metadata": {
            "method": "idrg_diagnosa_set",
            "nomor_sep": "0001R0016120507440"
        },
        "data": {
            "diagnosa": "S71.0#A00.1"
        }
    },
    "response": {
        "success": true,
        "data": {
            "metadata": {
                "code": 200,
                "message": "Ok",
                "method": "idrg_diagnosa_set"
            },
            "data": {
                "string": "S71.0#A00.1",
                "expanded": [
                    {
                        "code": "S71.0",
                        "display": "Open wound of hip",
                        "no": "1",
                        "validcode": "1",
                        "metadata": {
                            "code": "200",
                            "message": "Ok"
                        }
                    },
                    {
                        "code": "A00.1",
                        "display": "Cholera due to vibrio cholerae 01, biovar eltor",
                        "no": "2",
                        "validcode": "1",
                        "metadata": {
                            "code": "200",
                            "message": "Ok"
                        }
                    }
                ]
            }
        },
        "http_code": 200
    }
}
{
    "timestamp": "2025-09-10 16:47:33",
    "method": "idrg_procedure_set",
    "request": {
        "metadata": {
            "method": "idrg_procedure_set",
            "nomor_sep": "0001R0016120507440"
        },
        "data": {
            "procedure": "81.52#88.380#86.22+2#86.22"
        }
    },
    "response": {
        "success": false,
        "error": "Gagal terhubung ke server E-Klaim: Recv failure: Connection was reset",
        "http_code": 0
    }
}
{
    "timestamp": "2025-09-10 17:08:15",
    "method": "new_claim",
    "request": {
        "metadata": {
            "method": "new_claim"
        },
        "data": {
            "nomor_kartu": "0000668870019",
            "nomor_sep": "0001R0016120507440",
            "nomor_rm": "123-45-85",
            "nama_pasien": "NAMA TEST PASIEN 19",
            "tgl_lahir": "1950-10-28 00:00:00",
            "gender": "1"
        }
    },
    "response": {
        "success": true,
        "data": {
            "metadata": {
                "code": 400,
                "message": "Duplikasi nomor SEP",
                "error_no": "E2007"
            },
            "duplicate": [
                {
                    "nama_pasien": "NAMA TEST PASIEN 19",
                    "nomor_rm": "123-45-85",
                    "tgl_masuk": "2024-02-02 02:00:00"
                }
            ]
        },
        "http_code": 200
    }
}
{
    "timestamp": "2025-09-10 17:10:09",
    "method": "idrg_grouper_final",
    "request": {
        "metadata": {
            "method": "idrg_grouper_final"
        },
        "data": {
            "nomor_sep": "0001R0016120507440"
        }
    },
    "response": {
        "success": true,
        "data": {
            "metadata": {
                "code": 200,
                "message": "Ok"
            }
        },
        "http_code": 200
    }
}
{
    "timestamp": "2025-09-10 17:12:51",
    "method": "set_claim_data",
    "request": {
        "metadata": {
            "method": "set_claim_data",
            "nomor_sep": "0001R0016120507440"
        },
        "data": {
            "nomor_sep": "0001R0016120507440",
            "nomor_kartu": "0000668870019",
            "tgl_masuk": "2024-02-02 02:00:00",
            "tgl_pulang": "2024-02-04 19:00:00",
            "cara_masuk": "gp",
            "jenis_rawat": "1",
            "kelas_rawat": "3",
            "discharge_status": "1",
            "adl_sub_acute": "20",
            "adl_chronic": "0",
            "icu_indikator": "0",
            "icu_los": "0",
            "upgrade_class_ind": "0",
            "add_payment_pct": "0",
            "birth_weight": "0",
            "sistole": "110",
            "diastole": "60",
            "coder_nik": "123123123123",
            "payor_id": "3",
            "payor_cd": "JKN",
            "nama_dokter": "Dr. Joko Mata",
            "tarif_poli_eks": "0",
            "kode_tarif": "DS",
            "cob_cd": "#",
            "tarif_rs": {
                "prosedur_non_bedah": "1000000",
                "prosedur_bedah": "12000000",
                "konsultasi": "300000",
                "tenaga_ahli": "1800000",
                "keperawatan": "800500",
                "penunjang": "400000",
                "radiologi": "300000",
                "laboratorium": "400000",
                "pelayanan_darah": "100000",
                "rehabilitasi": "200000",
                "kamar": "1200000",
                "rawat_intensif": "0",
                "obat": "500000",
                "obat_kronis": "0",
                "obat_kemoterapi": "0",
                "alkes": "250000",
                "bmhp": "150000",
                "sewa_alat": "0"
            }
        }
    },
    "response": {
        "success": true,
        "data": {
            "metadata": {
                "code": 200,
                "message": "Ok"
            }
        },
        "http_code": 200
    }
}
{
    "timestamp": "2025-09-10 17:12:52",
    "method": "idrg_diagnosa_set",
    "request": {
        "metadata": {
            "method": "idrg_diagnosa_set",
            "nomor_sep": "0001R0016120507440"
        },
        "data": {
            "diagnosa": "S71.0#A00.1"
        }
    },
    "response": {
        "success": true,
        "data": {
            "metadata": {
                "code": 200,
                "message": "Ok",
                "method": "idrg_diagnosa_set"
            },
            "data": {
                "string": "S71.0#A00.1",
                "expanded": [
                    {
                        "code": "S71.0",
                        "display": "Open wound of hip",
                        "no": "1",
                        "validcode": "1",
                        "metadata": {
                            "code": "200",
                            "message": "Ok"
                        }
                    },
                    {
                        "code": "A00.1",
                        "display": "Cholera due to vibrio cholerae 01, biovar eltor",
                        "no": "2",
                        "validcode": "1",
                        "metadata": {
                            "code": "200",
                            "message": "Ok"
                        }
                    }
                ]
            }
        },
        "http_code": 200
    }
}
{
    "timestamp": "2025-09-10 17:12:52",
    "method": "idrg_procedure_set",
    "request": {
        "metadata": {
            "method": "idrg_procedure_set",
            "nomor_sep": "0001R0016120507440"
        },
        "data": {
            "procedure": "81.52#88.380#86.22+2#86.22"
        }
    },
    "response": {
        "success": true,
        "data": {
            "metadata": {
                "code": 200,
                "message": "Ok",
                "method": "idrg_procedure_set"
            },
            "data": {
                "string": "81.52#88.380#86.22+2#86.22",
                "expanded": [
                    {
                        "code": "81.52",
                        "display": "Partial hip replacement",
                        "multiplicity": 1,
                        "no": "1",
                        "validcode": "1",
                        "metadata": {
                            "code": "200",
                            "message": "Ok"
                        }
                    },
                    {
                        "code": "88.380",
                        "display": "CT simulator 3D (IM)",
                        "multiplicity": 1,
                        "no": "2",
                        "validcode": "1",
                        "metadata": {
                            "code": "200",
                            "message": "Ok"
                        }
                    },
                    {
                        "code": "86.22",
                        "display": "Excisional debridement of wound, infection, or burn",
                        "multiplicity": 2,
                        "no": "3",
                        "validcode": "1",
                        "metadata": {
                            "code": "200",
                            "message": "Ok"
                        }
                    },
                    {
                        "code": "86.22",
                        "display": "Excisional debridement of wound, infection, or burn",
                        "multiplicity": 1,
                        "no": "4",
                        "validcode": "1",
                        "metadata": {
                            "code": "200",
                            "message": "Ok"
                        }
                    }
                ]
            }
        },
        "http_code": 200
    }
}
{
    "timestamp": "2025-09-10 17:12:55",
    "method": "grouper_idrg",
    "request": {
        "metadata": {
            "method": "grouper",
            "stage": "1",
            "grouper": "idrg"
        },
        "data": {
            "nomor_sep": "0001R0016120507440"
        }
    },
    "response": {
        "success": true,
        "data": {
            "metadata": {
                "code": 200,
                "message": "Ok"
            },
            "response_idrg": {
                "mdc_number": "31",
                "mdc_description": "Multiple Significant Trauma",
                "drg_code": "3109119",
                "drg_description": "Multiple Significant Trauma w\/ Other OR Proc."
            }
        },
        "http_code": 200
    }
}
{
    "timestamp": "2025-09-10 17:12:59",
    "method": "idrg_grouper_final",
    "request": {
        "metadata": {
            "method": "idrg_grouper_final"
        },
        "data": {
            "nomor_sep": "0001R0016120507440"
        }
    },
    "response": {
        "success": true,
        "data": {
            "metadata": {
                "code": 200,
                "message": "Ok"
            }
        },
        "http_code": 200
    }
}
{
    "timestamp": "2025-09-10 17:16:24",
    "method": "new_claim",
    "request": {
        "metadata": {
            "method": "new_claim"
        },
        "data": {
            "nomor_kartu": "0000668870019",
            "nomor_sep": "0001R0016120507440",
            "nomor_rm": "123-45-85",
            "nama_pasien": "NAMA TEST PASIEN 19",
            "tgl_lahir": "1950-10-28 00:00:00",
            "gender": "1"
        }
    },
    "response": {
        "success": true,
        "data": {
            "metadata": {
                "code": 400,
                "message": "Duplikasi nomor SEP",
                "error_no": "E2007"
            },
            "duplicate": [
                {
                    "nama_pasien": "NAMA TEST PASIEN 19",
                    "nomor_rm": "123-45-85",
                    "tgl_masuk": "2024-02-02 02:00:00"
                }
            ]
        },
        "http_code": 200
    }
}
{
    "timestamp": "2025-09-10 17:16:31",
    "method": "set_claim_data",
    "request": {
        "metadata": {
            "method": "set_claim_data",
            "nomor_sep": "0001R0016120507440"
        },
        "data": {
            "nomor_sep": "0001R0016120507440",
            "nomor_kartu": "0000668870019",
            "tgl_masuk": "2024-02-02 02:00:00",
            "tgl_pulang": "2024-02-04 19:00:00",
            "cara_masuk": "gp",
            "jenis_rawat": "1",
            "kelas_rawat": "3",
            "discharge_status": "1",
            "adl_sub_acute": "20",
            "adl_chronic": "0",
            "icu_indikator": "0",
            "icu_los": "0",
            "upgrade_class_ind": "0",
            "add_payment_pct": "0",
            "birth_weight": "0",
            "sistole": "110",
            "diastole": "60",
            "coder_nik": "123123123123",
            "payor_id": "3",
            "payor_cd": "JKN",
            "nama_dokter": "Dr. Joko Mata",
            "tarif_poli_eks": "0",
            "kode_tarif": "DS",
            "cob_cd": "#",
            "tarif_rs": {
                "prosedur_non_bedah": "1000000",
                "prosedur_bedah": "12000000",
                "konsultasi": "300000",
                "tenaga_ahli": "1800000",
                "keperawatan": "800500",
                "penunjang": "400000",
                "radiologi": "300000",
                "laboratorium": "400000",
                "pelayanan_darah": "100000",
                "rehabilitasi": "200000",
                "kamar": "1200000",
                "rawat_intensif": "0",
                "obat": "500000",
                "obat_kronis": "0",
                "obat_kemoterapi": "0",
                "alkes": "250000",
                "bmhp": "150000",
                "sewa_alat": "0"
            }
        }
    },
    "response": {
        "success": true,
        "data": {
            "metadata": {
                "code": 200,
                "message": "Ok"
            }
        },
        "http_code": 200
    }
}
{
    "timestamp": "2025-09-10 17:16:32",
    "method": "idrg_diagnosa_set",
    "request": {
        "metadata": {
            "method": "idrg_diagnosa_set",
            "nomor_sep": "0001R0016120507440"
        },
        "data": {
            "diagnosa": "S71.0#A00.1"
        }
    },
    "response": {
        "success": true,
        "data": {
            "metadata": {
                "code": 200,
                "message": "Ok",
                "method": "idrg_diagnosa_set"
            },
            "data": {
                "string": "S71.0#A00.1",
                "expanded": [
                    {
                        "code": "S71.0",
                        "display": "Open wound of hip",
                        "no": "1",
                        "validcode": "1",
                        "metadata": {
                            "code": "200",
                            "message": "Ok"
                        }
                    },
                    {
                        "code": "A00.1",
                        "display": "Cholera due to vibrio cholerae 01, biovar eltor",
                        "no": "2",
                        "validcode": "1",
                        "metadata": {
                            "code": "200",
                            "message": "Ok"
                        }
                    }
                ]
            }
        },
        "http_code": 200
    }
}
{
    "timestamp": "2025-09-10 17:16:32",
    "method": "idrg_procedure_set",
    "request": {
        "metadata": {
            "method": "idrg_procedure_set",
            "nomor_sep": "0001R0016120507440"
        },
        "data": {
            "procedure": "81.52#88.380#86.22+2#86.22"
        }
    },
    "response": {
        "success": true,
        "data": {
            "metadata": {
                "code": 200,
                "message": "Ok",
                "method": "idrg_procedure_set"
            },
            "data": {
                "string": "81.52#88.380#86.22+2#86.22",
                "expanded": [
                    {
                        "code": "81.52",
                        "display": "Partial hip replacement",
                        "multiplicity": 1,
                        "no": "1",
                        "validcode": "1",
                        "metadata": {
                            "code": "200",
                            "message": "Ok"
                        }
                    },
                    {
                        "code": "88.380",
                        "display": "CT simulator 3D (IM)",
                        "multiplicity": 1,
                        "no": "2",
                        "validcode": "1",
                        "metadata": {
                            "code": "200",
                            "message": "Ok"
                        }
                    },
                    {
                        "code": "86.22",
                        "display": "Excisional debridement of wound, infection, or burn",
                        "multiplicity": 2,
                        "no": "3",
                        "validcode": "1",
                        "metadata": {
                            "code": "200",
                            "message": "Ok"
                        }
                    },
                    {
                        "code": "86.22",
                        "display": "Excisional debridement of wound, infection, or burn",
                        "multiplicity": 1,
                        "no": "4",
                        "validcode": "1",
                        "metadata": {
                            "code": "200",
                            "message": "Ok"
                        }
                    }
                ]
            }
        },
        "http_code": 200
    }
}
{
    "timestamp": "2025-09-10 17:16:34",
    "method": "grouper_idrg",
    "request": {
        "metadata": {
            "method": "grouper",
            "stage": "1",
            "grouper": "idrg"
        },
        "data": {
            "nomor_sep": "0001R0016120507440"
        }
    },
    "response": {
        "success": true,
        "data": {
            "metadata": {
                "code": 200,
                "message": "Ok"
            },
            "response_idrg": {
                "mdc_number": "31",
                "mdc_description": "Multiple Significant Trauma",
                "drg_code": "3109119",
                "drg_description": "Multiple Significant Trauma w\/ Other OR Proc."
            }
        },
        "http_code": 200
    }
}
{
    "timestamp": "2025-09-10 17:16:40",
    "method": "idrg_grouper_final",
    "request": {
        "metadata": {
            "method": "idrg_grouper_final"
        },
        "data": {
            "nomor_sep": "0001R0016120507440"
        }
    },
    "response": {
        "success": true,
        "data": {
            "metadata": {
                "code": 200,
                "message": "Ok"
            }
        },
        "http_code": 200
    }
}
{
    "timestamp": "2025-09-10 18:11:40",
    "method": "new_claim",
    "request": {
        "metadata": {
            "method": "new_claim"
        },
        "data": {
            "nomor_kartu": "0000668870019",
            "nomor_sep": "0001R0016120507440",
            "nomor_rm": "123-45-85",
            "nama_pasien": "NAMA TEST PASIEN 19",
            "tgl_lahir": "1950-10-28 00:00:00",
            "gender": "1"
        }
    },
    "response": {
        "success": true,
        "data": {
            "metadata": {
                "code": 400,
                "message": "Duplikasi nomor SEP",
                "error_no": "E2007"
            },
            "duplicate": [
                {
                    "nama_pasien": "NAMA TEST PASIEN 19",
                    "nomor_rm": "123-45-85",
                    "tgl_masuk": "2024-02-02 02:00:00"
                }
            ]
        },
        "http_code": 200
    }
}
{
    "timestamp": "2025-09-10 18:12:04",
    "method": "set_claim_data",
    "request": {
        "metadata": {
            "method": "set_claim_data",
            "nomor_sep": "0001R0016120507440"
        },
        "data": {
            "nomor_sep": "0001R0016120507440",
            "nomor_kartu": "0000668870019",
            "tgl_masuk": "2024-02-02 02:00:00",
            "tgl_pulang": "2024-02-04 19:00:00",
            "cara_masuk": "gp",
            "jenis_rawat": "1",
            "kelas_rawat": "3",
            "discharge_status": "1",
            "adl_sub_acute": "20",
            "adl_chronic": "0",
            "icu_indikator": "0",
            "icu_los": "0",
            "upgrade_class_ind": "0",
            "add_payment_pct": "0",
            "birth_weight": "0",
            "sistole": "110",
            "diastole": "60",
            "coder_nik": "123123123123",
            "payor_id": "3",
            "payor_cd": "JKN",
            "nama_dokter": "Dr. Joko Mata",
            "tarif_poli_eks": "0",
            "kode_tarif": "DS",
            "cob_cd": "#",
            "tarif_rs": {
                "prosedur_non_bedah": "1000000",
                "prosedur_bedah": "12000000",
                "konsultasi": "300000",
                "tenaga_ahli": "1800000",
                "keperawatan": "800500",
                "penunjang": "400000",
                "radiologi": "300000",
                "laboratorium": "400000",
                "pelayanan_darah": "100000",
                "rehabilitasi": "200000",
                "kamar": "1200000",
                "rawat_intensif": "0",
                "obat": "500000",
                "obat_kronis": "0",
                "obat_kemoterapi": "0",
                "alkes": "250000",
                "bmhp": "150000",
                "sewa_alat": "0"
            }
        }
    },
    "response": {
        "success": true,
        "data": {
            "metadata": {
                "code": 200,
                "message": "Ok"
            }
        },
        "http_code": 200
    }
}
{
    "timestamp": "2025-09-10 18:12:05",
    "method": "idrg_diagnosa_set",
    "request": {
        "metadata": {
            "method": "idrg_diagnosa_set",
            "nomor_sep": "0001R0016120507440"
        },
        "data": {
            "diagnosa": "S71.0#A00.1"
        }
    },
    "response": {
        "success": true,
        "data": {
            "metadata": {
                "code": 200,
                "message": "Ok",
                "method": "idrg_diagnosa_set"
            },
            "data": {
                "string": "S71.0#A00.1",
                "expanded": [
                    {
                        "code": "S71.0",
                        "display": "Open wound of hip",
                        "no": "1",
                        "validcode": "1",
                        "metadata": {
                            "code": "200",
                            "message": "Ok"
                        }
                    },
                    {
                        "code": "A00.1",
                        "display": "Cholera due to vibrio cholerae 01, biovar eltor",
                        "no": "2",
                        "validcode": "1",
                        "metadata": {
                            "code": "200",
                            "message": "Ok"
                        }
                    }
                ]
            }
        },
        "http_code": 200
    }
}
{
    "timestamp": "2025-09-10 18:12:06",
    "method": "idrg_procedure_set",
    "request": {
        "metadata": {
            "method": "idrg_procedure_set",
            "nomor_sep": "0001R0016120507440"
        },
        "data": {
            "procedure": "81.52#88.380#86.22+2#86.22"
        }
    },
    "response": {
        "success": true,
        "data": {
            "metadata": {
                "code": 200,
                "message": "Ok",
                "method": "idrg_procedure_set"
            },
            "data": {
                "string": "81.52#88.380#86.22+2#86.22",
                "expanded": [
                    {
                        "code": "81.52",
                        "display": "Partial hip replacement",
                        "multiplicity": 1,
                        "no": "1",
                        "validcode": "1",
                        "metadata": {
                            "code": "200",
                            "message": "Ok"
                        }
                    },
                    {
                        "code": "88.380",
                        "display": "CT simulator 3D (IM)",
                        "multiplicity": 1,
                        "no": "2",
                        "validcode": "1",
                        "metadata": {
                            "code": "200",
                            "message": "Ok"
                        }
                    },
                    {
                        "code": "86.22",
                        "display": "Excisional debridement of wound, infection, or burn",
                        "multiplicity": 2,
                        "no": "3",
                        "validcode": "1",
                        "metadata": {
                            "code": "200",
                            "message": "Ok"
                        }
                    },
                    {
                        "code": "86.22",
                        "display": "Excisional debridement of wound, infection, or burn",
                        "multiplicity": 1,
                        "no": "4",
                        "validcode": "1",
                        "metadata": {
                            "code": "200",
                            "message": "Ok"
                        }
                    }
                ]
            }
        },
        "http_code": 200
    }
}
{
    "timestamp": "2025-09-10 18:12:07",
    "method": "grouper_idrg",
    "request": {
        "metadata": {
            "method": "grouper",
            "stage": "1",
            "grouper": "idrg"
        },
        "data": {
            "nomor_sep": "0001R0016120507440"
        }
    },
    "response": {
        "success": true,
        "data": {
            "metadata": {
                "code": 200,
                "message": "Ok"
            },
            "response_idrg": {
                "mdc_number": "31",
                "mdc_description": "Multiple Significant Trauma",
                "drg_code": "3109119",
                "drg_description": "Multiple Significant Trauma w\/ Other OR Proc."
            }
        },
        "http_code": 200
    }
}
{
    "timestamp": "2025-09-10 18:12:13",
    "method": "idrg_grouper_final",
    "request": {
        "metadata": {
            "method": "idrg_grouper_final"
        },
        "data": {
            "nomor_sep": "0001R0016120507440"
        }
    },
    "response": {
        "success": true,
        "data": {
            "metadata": {
                "code": 200,
                "message": "Ok"
            }
        },
        "http_code": 200
    }
}
{
    "timestamp": "2025-09-10 18:12:52",
    "method": "new_claim",
    "request": {
        "metadata": {
            "method": "new_claim"
        },
        "data": {
            "nomor_kartu": "0000668870019",
            "nomor_sep": "0001R0016120507440",
            "nomor_rm": "123-45-85",
            "nama_pasien": "NAMA TEST PASIEN 19",
            "tgl_lahir": "1950-10-28 00:00:00",
            "gender": "1"
        }
    },
    "response": {
        "success": true,
        "data": {
            "metadata": {
                "code": 400,
                "message": "Duplikasi nomor SEP",
                "error_no": "E2007"
            },
            "duplicate": [
                {
                    "nama_pasien": "NAMA TEST PASIEN 19",
                    "nomor_rm": "123-45-85",
                    "tgl_masuk": "2024-02-02 02:00:00"
                }
            ]
        },
        "http_code": 200
    }
}
{
    "timestamp": "2025-09-10 18:13:10",
    "method": "set_claim_data",
    "request": {
        "metadata": {
            "method": "set_claim_data",
            "nomor_sep": "0001R0016120507440"
        },
        "data": {
            "nomor_sep": "0001R0016120507440",
            "nomor_kartu": "0000668870019",
            "tgl_masuk": "2024-02-02 02:00:00",
            "tgl_pulang": "2024-02-04 19:00:00",
            "cara_masuk": "gp",
            "jenis_rawat": "1",
            "kelas_rawat": "3",
            "discharge_status": "1",
            "adl_sub_acute": "20",
            "adl_chronic": "0",
            "icu_indikator": "0",
            "icu_los": "0",
            "upgrade_class_ind": "0",
            "add_payment_pct": "0",
            "birth_weight": "0",
            "sistole": "110",
            "diastole": "60",
            "coder_nik": "123123123123",
            "payor_id": "3",
            "payor_cd": "JKN",
            "nama_dokter": "Dr. Joko Mata",
            "tarif_poli_eks": "0",
            "kode_tarif": "DS",
            "cob_cd": "#",
            "tarif_rs": {
                "prosedur_non_bedah": "1000000",
                "prosedur_bedah": "12000000",
                "konsultasi": "300000",
                "tenaga_ahli": "1800000",
                "keperawatan": "800500",
                "penunjang": "400000",
                "radiologi": "300000",
                "laboratorium": "400000",
                "pelayanan_darah": "100000",
                "rehabilitasi": "200000",
                "kamar": "1200000",
                "rawat_intensif": "0",
                "obat": "500000",
                "obat_kronis": "0",
                "obat_kemoterapi": "0",
                "alkes": "250000",
                "bmhp": "150000",
                "sewa_alat": "0"
            }
        }
    },
    "response": {
        "success": true,
        "data": {
            "metadata": {
                "code": 200,
                "message": "Ok"
            }
        },
        "http_code": 200
    }
}
{
    "timestamp": "2025-09-10 18:13:11",
    "method": "idrg_diagnosa_set",
    "request": {
        "metadata": {
            "method": "idrg_diagnosa_set",
            "nomor_sep": "0001R0016120507440"
        },
        "data": {
            "diagnosa": "S71.0#A00.1"
        }
    },
    "response": {
        "success": true,
        "data": {
            "metadata": {
                "code": 200,
                "message": "Ok",
                "method": "idrg_diagnosa_set"
            },
            "data": {
                "string": "S71.0#A00.1",
                "expanded": [
                    {
                        "code": "S71.0",
                        "display": "Open wound of hip",
                        "no": "1",
                        "validcode": "1",
                        "metadata": {
                            "code": "200",
                            "message": "Ok"
                        }
                    },
                    {
                        "code": "A00.1",
                        "display": "Cholera due to vibrio cholerae 01, biovar eltor",
                        "no": "2",
                        "validcode": "1",
                        "metadata": {
                            "code": "200",
                            "message": "Ok"
                        }
                    }
                ]
            }
        },
        "http_code": 200
    }
}
{
    "timestamp": "2025-09-10 18:13:12",
    "method": "idrg_procedure_set",
    "request": {
        "metadata": {
            "method": "idrg_procedure_set",
            "nomor_sep": "0001R0016120507440"
        },
        "data": {
            "procedure": "81.52#88.380#86.22+2#86.22"
        }
    },
    "response": {
        "success": true,
        "data": {
            "metadata": {
                "code": 200,
                "message": "Ok",
                "method": "idrg_procedure_set"
            },
            "data": {
                "string": "81.52#88.380#86.22+2#86.22",
                "expanded": [
                    {
                        "code": "81.52",
                        "display": "Partial hip replacement",
                        "multiplicity": 1,
                        "no": "1",
                        "validcode": "1",
                        "metadata": {
                            "code": "200",
                            "message": "Ok"
                        }
                    },
                    {
                        "code": "88.380",
                        "display": "CT simulator 3D (IM)",
                        "multiplicity": 1,
                        "no": "2",
                        "validcode": "1",
                        "metadata": {
                            "code": "200",
                            "message": "Ok"
                        }
                    },
                    {
                        "code": "86.22",
                        "display": "Excisional debridement of wound, infection, or burn",
                        "multiplicity": 2,
                        "no": "3",
                        "validcode": "1",
                        "metadata": {
                            "code": "200",
                            "message": "Ok"
                        }
                    },
                    {
                        "code": "86.22",
                        "display": "Excisional debridement of wound, infection, or burn",
                        "multiplicity": 1,
                        "no": "4",
                        "validcode": "1",
                        "metadata": {
                            "code": "200",
                            "message": "Ok"
                        }
                    }
                ]
            }
        },
        "http_code": 200
    }
}
{
    "timestamp": "2025-09-10 18:13:13",
    "method": "grouper_idrg",
    "request": {
        "metadata": {
            "method": "grouper",
            "stage": "1",
            "grouper": "idrg"
        },
        "data": {
            "nomor_sep": "0001R0016120507440"
        }
    },
    "response": {
        "success": true,
        "data": {
            "metadata": {
                "code": 200,
                "message": "Ok"
            },
            "response_idrg": {
                "mdc_number": "31",
                "mdc_description": "Multiple Significant Trauma",
                "drg_code": "3109119",
                "drg_description": "Multiple Significant Trauma w\/ Other OR Proc."
            }
        },
        "http_code": 200
    }
}
{
    "timestamp": "2025-09-10 18:13:22",
    "method": "idrg_grouper_final",
    "request": {
        "metadata": {
            "method": "idrg_grouper_final"
        },
        "data": {
            "nomor_sep": "0001R0016120507440"
        }
    },
    "response": {
        "success": true,
        "data": {
            "metadata": {
                "code": 200,
                "message": "Ok"
            }
        },
        "http_code": 200
    }
}
{
    "timestamp": "2025-09-10 18:14:57",
    "method": "new_claim",
    "request": {
        "metadata": {
            "method": "new_claim"
        },
        "data": {
            "nomor_kartu": "0000668870019",
            "nomor_sep": "0001R0016120507440",
            "nomor_rm": "123-45-85",
            "nama_pasien": "NAMA TEST PASIEN 19",
            "tgl_lahir": "1950-10-28 00:00:00",
            "gender": "1"
        }
    },
    "response": {
        "success": true,
        "data": {
            "metadata": {
                "code": 400,
                "message": "Duplikasi nomor SEP",
                "error_no": "E2007"
            },
            "duplicate": [
                {
                    "nama_pasien": "NAMA TEST PASIEN 19",
                    "nomor_rm": "123-45-85",
                    "tgl_masuk": "2024-02-02 02:00:00"
                }
            ]
        },
        "http_code": 200
    }
}
{
    "timestamp": "2025-09-10 18:15:06",
    "method": "set_claim_data",
    "request": {
        "metadata": {
            "method": "set_claim_data",
            "nomor_sep": "0001R0016120507440"
        },
        "data": {
            "nomor_sep": "0001R0016120507440",
            "nomor_kartu": "0000668870019",
            "tgl_masuk": "2024-02-02 02:00:00",
            "tgl_pulang": "2024-02-04 19:00:00",
            "cara_masuk": "gp",
            "jenis_rawat": "1",
            "kelas_rawat": "3",
            "discharge_status": "1",
            "adl_sub_acute": "20",
            "adl_chronic": "0",
            "icu_indikator": "0",
            "icu_los": "0",
            "upgrade_class_ind": "0",
            "add_payment_pct": "0",
            "birth_weight": "0",
            "sistole": "110",
            "diastole": "60",
            "coder_nik": "123123123123",
            "payor_id": "3",
            "payor_cd": "JKN",
            "nama_dokter": "Dr. Joko Mata",
            "tarif_poli_eks": "0",
            "kode_tarif": "DS",
            "cob_cd": "#",
            "tarif_rs": {
                "prosedur_non_bedah": "1000000",
                "prosedur_bedah": "12000000",
                "konsultasi": "300000",
                "tenaga_ahli": "1800000",
                "keperawatan": "800500",
                "penunjang": "400000",
                "radiologi": "300000",
                "laboratorium": "400000",
                "pelayanan_darah": "100000",
                "rehabilitasi": "200000",
                "kamar": "1200000",
                "rawat_intensif": "0",
                "obat": "500000",
                "obat_kronis": "0",
                "obat_kemoterapi": "0",
                "alkes": "250000",
                "bmhp": "150000",
                "sewa_alat": "0"
            }
        }
    },
    "response": {
        "success": true,
        "data": {
            "metadata": {
                "code": 400,
                "message": "iDRG coding sudah final",
                "error_no": "E2102"
            }
        },
        "http_code": 200
    }
}
{
    "timestamp": "2025-09-10 18:15:07",
    "method": "idrg_diagnosa_set",
    "request": {
        "metadata": {
            "method": "idrg_diagnosa_set",
            "nomor_sep": "0001R0016120507440"
        },
        "data": {
            "diagnosa": "S71.0#A00.1"
        }
    },
    "response": {
        "success": true,
        "data": {
            "metadata": {
                "code": 400,
                "message": "iDRG coding sudah final",
                "error_no": "E2102"
            }
        },
        "http_code": 200
    }
}
{
    "timestamp": "2025-09-10 18:15:07",
    "method": "idrg_procedure_set",
    "request": {
        "metadata": {
            "method": "idrg_procedure_set",
            "nomor_sep": "0001R0016120507440"
        },
        "data": {
            "procedure": "81.52#88.380#86.22+2#86.22"
        }
    },
    "response": {
        "success": true,
        "data": {
            "metadata": {
                "code": 400,
                "message": "iDRG coding sudah final",
                "error_no": "E2102"
            }
        },
        "http_code": 200
    }
}
{
    "timestamp": "2025-09-10 18:15:08",
    "method": "grouper_idrg",
    "request": {
        "metadata": {
            "method": "grouper",
            "stage": "1",
            "grouper": "idrg"
        },
        "data": {
            "nomor_sep": "0001R0016120507440"
        }
    },
    "response": {
        "success": true,
        "data": {
            "metadata": {
                "code": 400,
                "message": "iDRG coding sudah final",
                "error_no": "E2102"
            }
        },
        "http_code": 200
    }
}
{
    "timestamp": "2025-09-10 18:15:55",
    "method": "new_claim",
    "request": {
        "metadata": {
            "method": "new_claim"
        },
        "data": {
            "nomor_kartu": "0000668870019",
            "nomor_sep": "0001R0016120507440",
            "nomor_rm": "123-45-85",
            "nama_pasien": "NAMA TEST PASIEN 19",
            "tgl_lahir": "1950-10-28 00:00:00",
            "gender": "1"
        }
    },
    "response": {
        "success": true,
        "data": {
            "metadata": {
                "code": 400,
                "message": "Duplikasi nomor SEP",
                "error_no": "E2007"
            },
            "duplicate": [
                {
                    "nama_pasien": "NAMA TEST PASIEN 19",
                    "nomor_rm": "123-45-85",
                    "tgl_masuk": "2024-02-02 02:00:00"
                }
            ]
        },
        "http_code": 200
    }
}
{
    "timestamp": "2025-09-10 18:16:02",
    "method": "set_claim_data",
    "request": {
        "metadata": {
            "method": "set_claim_data",
            "nomor_sep": "0001R0016120507440"
        },
        "data": {
            "nomor_sep": "0001R0016120507440",
            "nomor_kartu": "0000668870019",
            "tgl_masuk": "2024-02-02 02:00:00",
            "tgl_pulang": "2024-02-04 19:00:00",
            "cara_masuk": "gp",
            "jenis_rawat": "1",
            "kelas_rawat": "3",
            "discharge_status": "1",
            "adl_sub_acute": "20",
            "adl_chronic": "0",
            "icu_indikator": "0",
            "icu_los": "0",
            "upgrade_class_ind": "0",
            "add_payment_pct": "0",
            "birth_weight": "0",
            "sistole": "110",
            "diastole": "60",
            "coder_nik": "123123123123",
            "payor_id": "3",
            "payor_cd": "JKN",
            "nama_dokter": "Dr. Joko Mata",
            "tarif_poli_eks": "0",
            "kode_tarif": "DS",
            "cob_cd": "#",
            "tarif_rs": {
                "prosedur_non_bedah": "1000000",
                "prosedur_bedah": "12000000",
                "konsultasi": "300000",
                "tenaga_ahli": "1800000",
                "keperawatan": "800500",
                "penunjang": "400000",
                "radiologi": "300000",
                "laboratorium": "400000",
                "pelayanan_darah": "100000",
                "rehabilitasi": "200000",
                "kamar": "1200000",
                "rawat_intensif": "0",
                "obat": "500000",
                "obat_kronis": "0",
                "obat_kemoterapi": "0",
                "alkes": "250000",
                "bmhp": "150000",
                "sewa_alat": "0"
            }
        }
    },
    "response": {
        "success": true,
        "data": {
            "metadata": {
                "code": 200,
                "message": "Ok"
            }
        },
        "http_code": 200
    }
}
{
    "timestamp": "2025-09-10 18:16:03",
    "method": "idrg_diagnosa_set",
    "request": {
        "metadata": {
            "method": "idrg_diagnosa_set",
            "nomor_sep": "0001R0016120507440"
        },
        "data": {
            "diagnosa": "S71.0#A00.1"
        }
    },
    "response": {
        "success": true,
        "data": {
            "metadata": {
                "code": 200,
                "message": "Ok",
                "method": "idrg_diagnosa_set"
            },
            "data": {
                "string": "S71.0#A00.1",
                "expanded": [
                    {
                        "code": "S71.0",
                        "display": "Open wound of hip",
                        "no": "1",
                        "validcode": "1",
                        "metadata": {
                            "code": "200",
                            "message": "Ok"
                        }
                    },
                    {
                        "code": "A00.1",
                        "display": "Cholera due to vibrio cholerae 01, biovar eltor",
                        "no": "2",
                        "validcode": "1",
                        "metadata": {
                            "code": "200",
                            "message": "Ok"
                        }
                    }
                ]
            }
        },
        "http_code": 200
    }
}
{
    "timestamp": "2025-09-10 18:16:04",
    "method": "idrg_procedure_set",
    "request": {
        "metadata": {
            "method": "idrg_procedure_set",
            "nomor_sep": "0001R0016120507440"
        },
        "data": {
            "procedure": "81.52#88.380#86.22+2#86.22"
        }
    },
    "response": {
        "success": true,
        "data": {
            "metadata": {
                "code": 200,
                "message": "Ok",
                "method": "idrg_procedure_set"
            },
            "data": {
                "string": "81.52#88.380#86.22+2#86.22",
                "expanded": [
                    {
                        "code": "81.52",
                        "display": "Partial hip replacement",
                        "multiplicity": 1,
                        "no": "1",
                        "validcode": "1",
                        "metadata": {
                            "code": "200",
                            "message": "Ok"
                        }
                    },
                    {
                        "code": "88.380",
                        "display": "CT simulator 3D (IM)",
                        "multiplicity": 1,
                        "no": "2",
                        "validcode": "1",
                        "metadata": {
                            "code": "200",
                            "message": "Ok"
                        }
                    },
                    {
                        "code": "86.22",
                        "display": "Excisional debridement of wound, infection, or burn",
                        "multiplicity": 2,
                        "no": "3",
                        "validcode": "1",
                        "metadata": {
                            "code": "200",
                            "message": "Ok"
                        }
                    },
                    {
                        "code": "86.22",
                        "display": "Excisional debridement of wound, infection, or burn",
                        "multiplicity": 1,
                        "no": "4",
                        "validcode": "1",
                        "metadata": {
                            "code": "200",
                            "message": "Ok"
                        }
                    }
                ]
            }
        },
        "http_code": 200
    }
}
{
    "timestamp": "2025-09-10 18:16:05",
    "method": "grouper_idrg",
    "request": {
        "metadata": {
            "method": "grouper",
            "stage": "1",
            "grouper": "idrg"
        },
        "data": {
            "nomor_sep": "0001R0016120507440"
        }
    },
    "response": {
        "success": true,
        "data": {
            "metadata": {
                "code": 200,
                "message": "Ok"
            },
            "response_idrg": {
                "mdc_number": "31",
                "mdc_description": "Multiple Significant Trauma",
                "drg_code": "3109119",
                "drg_description": "Multiple Significant Trauma w\/ Other OR Proc."
            }
        },
        "http_code": 200
    }
}
{
    "timestamp": "2025-09-10 18:16:17",
    "method": "idrg_grouper_final",
    "request": {
        "metadata": {
            "method": "idrg_grouper_final"
        },
        "data": {
            "nomor_sep": "0001R0016120507440"
        }
    },
    "response": {
        "success": true,
        "data": {
            "metadata": {
                "code": 200,
                "message": "Ok"
            }
        },
        "http_code": 200
    }
}
{
    "timestamp": "2025-09-10 18:22:37",
    "method": "new_claim",
    "request": {
        "metadata": {
            "method": "new_claim"
        },
        "data": {
            "nomor_kartu": "0000668870019",
            "nomor_sep": "0001R0016120507440",
            "nomor_rm": "123-45-85",
            "nama_pasien": "NAMA TEST PASIEN 19",
            "tgl_lahir": "1950-10-28 00:00:00",
            "gender": "1"
        }
    },
    "response": {
        "success": true,
        "data": {
            "metadata": {
                "code": 400,
                "message": "Duplikasi nomor SEP",
                "error_no": "E2007"
            },
            "duplicate": [
                {
                    "nama_pasien": "NAMA TEST PASIEN 19",
                    "nomor_rm": "123-45-85",
                    "tgl_masuk": "2024-02-02 02:00:00"
                }
            ]
        },
        "http_code": 200
    }
}
{
    "timestamp": "2025-09-10 18:41:09",
    "method": "new_claim",
    "request": {
        "metadata": {
            "method": "new_claim"
        },
        "data": {
            "nomor_kartu": "0000668870019",
            "nomor_sep": "0001R0016120507440",
            "nomor_rm": "123-45-85",
            "nama_pasien": "NAMA TEST PASIEN 19",
            "tgl_lahir": "1950-10-28 00:00:00",
            "gender": "1"
        }
    },
    "response": {
        "success": true,
        "data": {
            "metadata": {
                "code": 400,
                "message": "Duplikasi nomor SEP",
                "error_no": "E2007"
            },
            "duplicate": [
                {
                    "nama_pasien": "NAMA TEST PASIEN 19",
                    "nomor_rm": "123-45-85",
                    "tgl_masuk": "2024-02-02 02:00:00"
                }
            ]
        },
        "http_code": 200
    }
}
{
    "timestamp": "2025-09-10 18:41:37",
    "method": "new_claim",
    "request": {
        "metadata": {
            "method": "new_claim"
        },
        "data": {
            "nomor_kartu": "0000668870006",
            "nomor_sep": "0001R0016120507427",
            "nomor_rm": "123-45-72",
            "nama_pasien": "NAMA TEST PASIEN 6",
            "tgl_lahir": "1980-11-30 00:00:00",
            "gender": "1"
        }
    },
    "response": {
        "success": true,
        "data": {
            "metadata": {
                "code": 400,
                "message": "Duplikasi nomor SEP",
                "error_no": "E2007"
            },
            "duplicate": [
                {
                    "nama_pasien": "NAMA TEST PASIEN 6",
                    "nomor_rm": "123-45-72",
                    "tgl_masuk": "2024-01-20 13:00:00"
                }
            ]
        },
        "http_code": 200
    }
}
{
    "timestamp": "2025-09-10 18:44:38",
    "method": "new_claim",
    "request": {
        "metadata": {
            "method": "new_claim"
        },
        "data": {
            "nomor_kartu": "0000668870006",
            "nomor_sep": "0001R0016120507427",
            "nomor_rm": "123-45-72",
            "nama_pasien": "NAMA TEST PASIEN 6",
            "tgl_lahir": "1980-11-30 00:00:00",
            "gender": "1"
        }
    },
    "response": {
        "success": true,
        "data": {
            "metadata": {
                "code": 400,
                "message": "Duplikasi nomor SEP",
                "error_no": "E2007"
            },
            "duplicate": [
                {
                    "nama_pasien": "NAMA TEST PASIEN 6",
                    "nomor_rm": "123-45-72",
                    "tgl_masuk": "2024-01-20 13:00:00"
                }
            ]
        },
        "http_code": 200
    }
}
{
    "timestamp": "2025-09-10 18:48:47",
    "method": "new_claim",
    "request": {
        "metadata": {
            "method": "new_claim"
        },
        "data": {
            "nomor_kartu": "0000668870006",
            "nomor_sep": "0001R0016120507427",
            "nomor_rm": "123-45-72",
            "nama_pasien": "NAMA TEST PASIEN 6",
            "tgl_lahir": "1980-11-30 00:00:00",
            "gender": "1"
        }
    },
    "response": {
        "success": true,
        "data": {
            "metadata": {
                "code": 400,
                "message": "Duplikasi nomor SEP",
                "error_no": "E2007"
            },
            "duplicate": [
                {
                    "nama_pasien": "NAMA TEST PASIEN 6",
                    "nomor_rm": "123-45-72",
                    "tgl_masuk": "2024-01-20 13:00:00"
                }
            ]
        },
        "http_code": 200
    }
}
{
    "timestamp": "2025-09-10 19:04:33",
    "method": "new_claim",
    "request": {
        "metadata": {
            "method": "new_claim"
        },
        "data": {
            "nomor_kartu": "0000668870006",
            "nomor_sep": "0001R0016120507427",
            "nomor_rm": "123-45-72",
            "nama_pasien": "NAMA TEST PASIEN 6",
            "tgl_lahir": "1980-11-30 00:00:00",
            "gender": "1"
        }
    },
    "response": {
        "success": true,
        "data": {
            "metadata": {
                "code": 400,
                "message": "Duplikasi nomor SEP",
                "error_no": "E2007"
            },
            "duplicate": [
                {
                    "nama_pasien": "NAMA TEST PASIEN 6",
                    "nomor_rm": "123-45-72",
                    "tgl_masuk": "2024-01-20 13:00:00"
                }
            ]
        },
        "http_code": 200
    }
}
{
    "timestamp": "2025-09-10 19:09:49",
    "method": "new_claim",
    "request": {
        "metadata": {
            "method": "new_claim"
        },
        "data": {
            "nomor_kartu": "0000668870019",
            "nomor_sep": "0001R0016120507440",
            "nomor_rm": "123-45-85",
            "nama_pasien": "NAMA TEST PASIEN 19",
            "tgl_lahir": "1950-10-28 00:00:00",
            "gender": "1"
        }
    },
    "response": {
        "success": true,
        "data": {
            "metadata": {
                "code": 400,
                "message": "Duplikasi nomor SEP",
                "error_no": "E2007"
            },
            "duplicate": [
                {
                    "nama_pasien": "NAMA TEST PASIEN 19",
                    "nomor_rm": "123-45-85",
                    "tgl_masuk": "2024-02-02 02:00:00"
                }
            ]
        },
        "http_code": 200
    }
}
{
    "timestamp": "2025-09-10 19:10:09",
    "method": "new_claim",
    "request": {
        "metadata": {
            "method": "new_claim"
        },
        "data": {
            "nomor_kartu": "0000668870006",
            "nomor_sep": "0001R0016120507427",
            "nomor_rm": "123-45-72",
            "nama_pasien": "NAMA TEST PASIEN 6",
            "tgl_lahir": "1980-11-30 00:00:00",
            "gender": "1"
        }
    },
    "response": {
        "success": true,
        "data": {
            "metadata": {
                "code": 400,
                "message": "Duplikasi nomor SEP",
                "error_no": "E2007"
            },
            "duplicate": [
                {
                    "nama_pasien": "NAMA TEST PASIEN 6",
                    "nomor_rm": "123-45-72",
                    "tgl_masuk": "2024-01-20 13:00:00"
                }
            ]
        },
        "http_code": 200
    }
}
{
    "timestamp": "2025-09-10 19:10:49",
    "method": "new_claim",
    "request": {
        "metadata": {
            "method": "new_claim"
        },
        "data": {
            "nomor_kartu": "0000668870019",
            "nomor_sep": "0001R0016120507440",
            "nomor_rm": "123-45-85",
            "nama_pasien": "NAMA TEST PASIEN 19",
            "tgl_lahir": "1950-10-28 00:00:00",
            "gender": "1"
        }
    },
    "response": {
        "success": true,
        "data": {
            "metadata": {
                "code": 400,
                "message": "Duplikasi nomor SEP",
                "error_no": "E2007"
            },
            "duplicate": [
                {
                    "nama_pasien": "NAMA TEST PASIEN 19",
                    "nomor_rm": "123-45-85",
                    "tgl_masuk": "2024-02-02 02:00:00"
                }
            ]
        },
        "http_code": 200
    }
}
{
    "timestamp": "2025-09-10 19:13:29",
    "method": "new_claim",
    "request": {
        "metadata": {
            "method": "new_claim"
        },
        "data": {
            "nomor_kartu": "0000668870019",
            "nomor_sep": "0001R0016120507440",
            "nomor_rm": "123-45-85",
            "nama_pasien": "NAMA TEST PASIEN 19",
            "tgl_lahir": "1950-10-28 00:00:00",
            "gender": "1"
        }
    },
    "response": {
        "success": true,
        "data": {
            "metadata": {
                "code": 400,
                "message": "Duplikasi nomor SEP",
                "error_no": "E2007"
            },
            "duplicate": [
                {
                    "nama_pasien": "NAMA TEST PASIEN 19",
                    "nomor_rm": "123-45-85",
                    "tgl_masuk": "2024-02-02 02:00:00"
                }
            ]
        },
        "http_code": 200
    }
}
{
    "timestamp": "2025-09-10 19:13:52",
    "method": "new_claim",
    "request": {
        "metadata": {
            "method": "new_claim"
        },
        "data": {
            "nomor_kartu": "0000668870006",
            "nomor_sep": "0001R0016120507427",
            "nomor_rm": "123-45-72",
            "nama_pasien": "NAMA TEST PASIEN 6",
            "tgl_lahir": "1980-11-30 00:00:00",
            "gender": "1"
        }
    },
    "response": {
        "success": true,
        "data": {
            "metadata": {
                "code": 400,
                "message": "Duplikasi nomor SEP",
                "error_no": "E2007"
            },
            "duplicate": [
                {
                    "nama_pasien": "NAMA TEST PASIEN 6",
                    "nomor_rm": "123-45-72",
                    "tgl_masuk": "2024-01-20 13:00:00"
                }
            ]
        },
        "http_code": 200
    }
}
{
    "timestamp": "2025-09-10 19:17:54",
    "method": "new_claim",
    "request": {
        "metadata": {
            "method": "new_claim"
        },
        "data": {
            "nomor_kartu": "0000668870006",
            "nomor_sep": "0001R0016120507427",
            "nomor_rm": "123-45-72",
            "nama_pasien": "NAMA TEST PASIEN 6",
            "tgl_lahir": "1980-11-30 00:00:00",
            "gender": "1"
        }
    },
    "response": {
        "success": true,
        "data": {
            "metadata": {
                "code": 400,
                "message": "Duplikasi nomor SEP",
                "error_no": "E2007"
            },
            "duplicate": [
                {
                    "nama_pasien": "NAMA TEST PASIEN 6",
                    "nomor_rm": "123-45-72",
                    "tgl_masuk": "2024-01-20 13:00:00"
                }
            ]
        },
        "http_code": 200
    }
}
{
    "timestamp": "2025-09-10 19:18:09",
    "method": "new_claim",
    "request": {
        "metadata": {
            "method": "new_claim"
        },
        "data": {
            "nomor_kartu": "0000668870019",
            "nomor_sep": "0001R0016120507440",
            "nomor_rm": "123-45-85",
            "nama_pasien": "NAMA TEST PASIEN 19",
            "tgl_lahir": "1950-10-28 00:00:00",
            "gender": "1"
        }
    },
    "response": {
        "success": true,
        "data": {
            "metadata": {
                "code": 400,
                "message": "Duplikasi nomor SEP",
                "error_no": "E2007"
            },
            "duplicate": [
                {
                    "nama_pasien": "NAMA TEST PASIEN 19",
                    "nomor_rm": "123-45-85",
                    "tgl_masuk": "2024-02-02 02:00:00"
                }
            ]
        },
        "http_code": 200
    }
}
{
    "timestamp": "2025-09-10 19:22:55",
    "method": "new_claim",
    "request": {
        "metadata": {
            "method": "new_claim"
        },
        "data": {
            "nomor_kartu": "0000668870019",
            "nomor_sep": "0001R0016120507440",
            "nomor_rm": "123-45-85",
            "nama_pasien": "NAMA TEST PASIEN 19",
            "tgl_lahir": "1950-10-28 00:00:00",
            "gender": "1"
        }
    },
    "response": {
        "success": false,
        "error": "Gagal terhubung ke server E-Klaim: Failed to connect to 10.10.1.63 port 80 after 10009 ms: Timeout was reached",
        "http_code": 0
    }
}
{
    "timestamp": "2025-09-10 19:23:34",
    "method": "new_claim",
    "request": {
        "metadata": {
            "method": "new_claim"
        },
        "data": {
            "nomor_kartu": "0000668870006",
            "nomor_sep": "0001R0016120507427",
            "nomor_rm": "123-45-72",
            "nama_pasien": "NAMA TEST PASIEN 6",
            "tgl_lahir": "1980-11-30 00:00:00",
            "gender": "1"
        }
    },
    "response": {
        "success": false,
        "error": "Gagal terhubung ke server E-Klaim: Failed to connect to 10.10.1.63 port 80 after 10013 ms: Timeout was reached",
        "http_code": 0
    }
}
{
    "timestamp": "2025-09-10 19:24:08",
    "method": "new_claim",
    "request": {
        "metadata": {
            "method": "new_claim"
        },
        "data": {
            "nomor_kartu": "0000668870019",
            "nomor_sep": "0001R0016120507440",
            "nomor_rm": "123-45-85",
            "nama_pasien": "NAMA TEST PASIEN 19",
            "tgl_lahir": "1950-10-28 00:00:00",
            "gender": "1"
        }
    },
    "response": {
        "success": true,
        "data": {
            "metadata": {
                "code": 400,
                "message": "Duplikasi nomor SEP",
                "error_no": "E2007"
            },
            "duplicate": [
                {
                    "nama_pasien": "NAMA TEST PASIEN 19",
                    "nomor_rm": "123-45-85",
                    "tgl_masuk": "2024-02-02 02:00:00"
                }
            ]
        },
        "http_code": 200
    }
}
{
    "timestamp": "2025-09-10 19:39:28",
    "method": "new_claim",
    "request": {
        "metadata": {
            "method": "new_claim"
        },
        "data": {
            "nomor_kartu": "0000668870019",
            "nomor_sep": "0001R0016120507440",
            "nomor_rm": "123-45-85",
            "nama_pasien": "NAMA TEST PASIEN 19",
            "tgl_lahir": "1950-10-28 00:00:00",
            "gender": "1"
        }
    },
    "response": {
        "success": false,
        "error": "Gagal terhubung ke server E-Klaim: Failed to connect to 10.10.1.63 port 80 after 10008 ms: Timeout was reached",
        "http_code": 0
    }
}
